2024-07-07 09:57:57,479 - INFO - Watching for file changes with StatReloader
2024-07-07 09:58:06,504 - ERROR - Internal Server Error: /
Traceback (most recent call last):
  File "C:\Users\DELL\AppData\Local\Programs\Python\Python311\Lib\site-packages\django\db\backends\utils.py", line 89, in _execute
    return self.cursor.execute(sql, params)
           ^^^^^^^^^^^^^^^^^^^^^^^^^^^^^^^^
  File "C:\Users\DELL\AppData\Local\Programs\Python\Python311\Lib\site-packages\django\db\backends\sqlite3\base.py", line 328, in execute
    return super().execute(query, params)
           ^^^^^^^^^^^^^^^^^^^^^^^^^^^^^^
sqlite3.OperationalError: no such column: encyclopedia_entry.thumbnail

The above exception was the direct cause of the following exception:

Traceback (most recent call last):
  File "C:\Users\DELL\AppData\Local\Programs\Python\Python311\Lib\site-packages\django\core\handlers\exception.py", line 55, in inner
    response = get_response(request)
               ^^^^^^^^^^^^^^^^^^^^^
  File "C:\Users\DELL\AppData\Local\Programs\Python\Python311\Lib\site-packages\django\core\handlers\base.py", line 197, in _get_response
    response = wrapped_callback(request, *callback_args, **callback_kwargs)
               ^^^^^^^^^^^^^^^^^^^^^^^^^^^^^^^^^^^^^^^^^^^^^^^^^^^^^^^^^^^^
  File "C:\Users\DELL\Dev\eaglewiki\wiki\encyclopedia\views.py", line 27, in index
    article_of_the_day = entries.first() if entries.exists() else None
                         ^^^^^^^^^^^^^^^
  File "C:\Users\DELL\AppData\Local\Programs\Python\Python311\Lib\site-packages\django\db\models\query.py", line 1057, in first
    for obj in queryset[:1]:
  File "C:\Users\DELL\AppData\Local\Programs\Python\Python311\Lib\site-packages\django\db\models\query.py", line 398, in __iter__
    self._fetch_all()
  File "C:\Users\DELL\AppData\Local\Programs\Python\Python311\Lib\site-packages\django\db\models\query.py", line 1881, in _fetch_all
    self._result_cache = list(self._iterable_class(self))
                         ^^^^^^^^^^^^^^^^^^^^^^^^^^^^^^^^
  File "C:\Users\DELL\AppData\Local\Programs\Python\Python311\Lib\site-packages\django\db\models\query.py", line 91, in __iter__
    results = compiler.execute_sql(
              ^^^^^^^^^^^^^^^^^^^^^
  File "C:\Users\DELL\AppData\Local\Programs\Python\Python311\Lib\site-packages\django\db\models\sql\compiler.py", line 1560, in execute_sql
    cursor.execute(sql, params)
  File "C:\Users\DELL\AppData\Local\Programs\Python\Python311\Lib\site-packages\django\db\backends\utils.py", line 102, in execute
    return super().execute(sql, params)
           ^^^^^^^^^^^^^^^^^^^^^^^^^^^^
  File "C:\Users\DELL\AppData\Local\Programs\Python\Python311\Lib\site-packages\django\db\backends\utils.py", line 67, in execute
    return self._execute_with_wrappers(
           ^^^^^^^^^^^^^^^^^^^^^^^^^^^^
  File "C:\Users\DELL\AppData\Local\Programs\Python\Python311\Lib\site-packages\django\db\backends\utils.py", line 80, in _execute_with_wrappers
    return executor(sql, params, many, context)
           ^^^^^^^^^^^^^^^^^^^^^^^^^^^^^^^^^^^^
  File "C:\Users\DELL\AppData\Local\Programs\Python\Python311\Lib\site-packages\django\db\backends\utils.py", line 84, in _execute
    with self.db.wrap_database_errors:
  File "C:\Users\DELL\AppData\Local\Programs\Python\Python311\Lib\site-packages\django\db\utils.py", line 91, in __exit__
    raise dj_exc_value.with_traceback(traceback) from exc_value
  File "C:\Users\DELL\AppData\Local\Programs\Python\Python311\Lib\site-packages\django\db\backends\utils.py", line 89, in _execute
    return self.cursor.execute(sql, params)
           ^^^^^^^^^^^^^^^^^^^^^^^^^^^^^^^^
  File "C:\Users\DELL\AppData\Local\Programs\Python\Python311\Lib\site-packages\django\db\backends\sqlite3\base.py", line 328, in execute
    return super().execute(query, params)
           ^^^^^^^^^^^^^^^^^^^^^^^^^^^^^^
django.db.utils.OperationalError: no such column: encyclopedia_entry.thumbnail
2024-07-07 09:58:15,445 - ERROR - Internal Server Error: /
Traceback (most recent call last):
  File "C:\Users\DELL\AppData\Local\Programs\Python\Python311\Lib\site-packages\django\db\backends\utils.py", line 89, in _execute
    return self.cursor.execute(sql, params)
           ^^^^^^^^^^^^^^^^^^^^^^^^^^^^^^^^
  File "C:\Users\DELL\AppData\Local\Programs\Python\Python311\Lib\site-packages\django\db\backends\sqlite3\base.py", line 328, in execute
    return super().execute(query, params)
           ^^^^^^^^^^^^^^^^^^^^^^^^^^^^^^
sqlite3.OperationalError: no such column: encyclopedia_entry.thumbnail

The above exception was the direct cause of the following exception:

Traceback (most recent call last):
  File "C:\Users\DELL\AppData\Local\Programs\Python\Python311\Lib\site-packages\django\core\handlers\exception.py", line 55, in inner
    response = get_response(request)
               ^^^^^^^^^^^^^^^^^^^^^
  File "C:\Users\DELL\AppData\Local\Programs\Python\Python311\Lib\site-packages\django\core\handlers\base.py", line 197, in _get_response
    response = wrapped_callback(request, *callback_args, **callback_kwargs)
               ^^^^^^^^^^^^^^^^^^^^^^^^^^^^^^^^^^^^^^^^^^^^^^^^^^^^^^^^^^^^
  File "C:\Users\DELL\Dev\eaglewiki\wiki\encyclopedia\views.py", line 27, in index
    article_of_the_day = entries.first() if entries.exists() else None
                         ^^^^^^^^^^^^^^^
  File "C:\Users\DELL\AppData\Local\Programs\Python\Python311\Lib\site-packages\django\db\models\query.py", line 1057, in first
    for obj in queryset[:1]:
  File "C:\Users\DELL\AppData\Local\Programs\Python\Python311\Lib\site-packages\django\db\models\query.py", line 398, in __iter__
    self._fetch_all()
  File "C:\Users\DELL\AppData\Local\Programs\Python\Python311\Lib\site-packages\django\db\models\query.py", line 1881, in _fetch_all
    self._result_cache = list(self._iterable_class(self))
                         ^^^^^^^^^^^^^^^^^^^^^^^^^^^^^^^^
  File "C:\Users\DELL\AppData\Local\Programs\Python\Python311\Lib\site-packages\django\db\models\query.py", line 91, in __iter__
    results = compiler.execute_sql(
              ^^^^^^^^^^^^^^^^^^^^^
  File "C:\Users\DELL\AppData\Local\Programs\Python\Python311\Lib\site-packages\django\db\models\sql\compiler.py", line 1560, in execute_sql
    cursor.execute(sql, params)
  File "C:\Users\DELL\AppData\Local\Programs\Python\Python311\Lib\site-packages\django\db\backends\utils.py", line 102, in execute
    return super().execute(sql, params)
           ^^^^^^^^^^^^^^^^^^^^^^^^^^^^
  File "C:\Users\DELL\AppData\Local\Programs\Python\Python311\Lib\site-packages\django\db\backends\utils.py", line 67, in execute
    return self._execute_with_wrappers(
           ^^^^^^^^^^^^^^^^^^^^^^^^^^^^
  File "C:\Users\DELL\AppData\Local\Programs\Python\Python311\Lib\site-packages\django\db\backends\utils.py", line 80, in _execute_with_wrappers
    return executor(sql, params, many, context)
           ^^^^^^^^^^^^^^^^^^^^^^^^^^^^^^^^^^^^
  File "C:\Users\DELL\AppData\Local\Programs\Python\Python311\Lib\site-packages\django\db\backends\utils.py", line 84, in _execute
    with self.db.wrap_database_errors:
  File "C:\Users\DELL\AppData\Local\Programs\Python\Python311\Lib\site-packages\django\db\utils.py", line 91, in __exit__
    raise dj_exc_value.with_traceback(traceback) from exc_value
  File "C:\Users\DELL\AppData\Local\Programs\Python\Python311\Lib\site-packages\django\db\backends\utils.py", line 89, in _execute
    return self.cursor.execute(sql, params)
           ^^^^^^^^^^^^^^^^^^^^^^^^^^^^^^^^
  File "C:\Users\DELL\AppData\Local\Programs\Python\Python311\Lib\site-packages\django\db\backends\sqlite3\base.py", line 328, in execute
    return super().execute(query, params)
           ^^^^^^^^^^^^^^^^^^^^^^^^^^^^^^
django.db.utils.OperationalError: no such column: encyclopedia_entry.thumbnail
2024-07-07 10:02:52,461 - INFO - Watching for file changes with StatReloader
2024-07-07 12:02:57,701 - ERROR - An error occurred while generating thumbnail for C:\Users\DELL\Dev\eaglewiki\wiki\media\images\PO.jpg: [Errno 2] No such file or directory: 'thumbnails/PO_thumb.jpg'
2024-07-07 13:36:27,496 - ERROR - An error occurred while generating thumbnail for C:\Users\DELL\Dev\eaglewiki\wiki\media\images\PO.jpg: [Errno 2] No such file or directory: 'thumbnails/PO_thumb.jpg'
2024-07-07 13:40:28,806 - ERROR - An error occurred while generating thumbnail for C:\Users\DELL\Dev\eaglewiki\wiki\media\images\Otti.png: [Errno 2] No such file or directory: 'thumbnails/Otti_thumb.png'
2024-07-07 13:40:28,821 - ERROR - An error occurred while generating thumbnail for C:\Users\DELL\Dev\eaglewiki\wiki\media\images\Arunma_Ote_FM5MkAB.jpg: [Errno 2] No such file or directory: 'thumbnails/Arunma_Ote_FM5MkAB_thumb.jpg'
2024-07-07 13:40:28,840 - ERROR - An error occurred while generating thumbnail for C:\Users\DELL\Dev\eaglewiki\wiki\media\images\Emeka-anyaoku-1801.jpg: [Errno 2] No such file or directory: 'thumbnails/Emeka-anyaoku-1801_thumb.jpg'
2024-07-07 13:40:28,856 - ERROR - An error occurred while generating thumbnail for C:\Users\DELL\Dev\eaglewiki\wiki\media\images\ojukwu.jpg: [Errno 2] No such file or directory: 'thumbnails/ojukwu_thumb.jpg'
2024-07-07 13:40:28,874 - ERROR - An error occurred while generating thumbnail for C:\Users\DELL\Dev\eaglewiki\wiki\media\images\Adichie_black_and_white_LQVypqi.jpg: [Errno 2] No such file or directory: 'thumbnails/Adichie_black_and_white_LQVypqi_thumb.jpg'
2024-07-07 13:40:28,892 - ERROR - An error occurred while generating thumbnail for C:\Users\DELL\Dev\eaglewiki\wiki\media\images\Ademola_Lookman.jpg: [Errno 2] No such file or directory: 'thumbnails/Ademola_Lookman_thumb.jpg'
2024-07-07 13:40:28,926 - ERROR - An error occurred while generating thumbnail for C:\Users\DELL\Dev\eaglewiki\wiki\media\images\Praise_Onabanjo0_bXmYCCd.jpeg: [Errno 2] No such file or directory: 'thumbnails/Praise_Onabanjo0_bXmYCCd_thumb.jpeg'
2024-07-07 13:40:28,935 - ERROR - An error occurred while generating thumbnail for C:\Users\DELL\Dev\eaglewiki\wiki\media\images\CHINUA-ACHEBE-_black_and_white.jpg: [Errno 2] No such file or directory: 'thumbnails/CHINUA-ACHEBE-_black_and_white_thumb.jpg'
2024-07-07 13:40:28,961 - ERROR - An error occurred while generating thumbnail for C:\Users\DELL\Dev\eaglewiki\wiki\media\images\Pete-Edochie.jpg: [Errno 2] No such file or directory: 'thumbnails/Pete-Edochie_thumb.jpg'
2024-07-07 13:40:28,976 - ERROR - An error occurred while generating thumbnail for C:\Users\DELL\Dev\eaglewiki\wiki\media\images\adesina_a-akinwumi.jpg: [Errno 2] No such file or directory: 'thumbnails/adesina_a-akinwumi_thumb.jpg'
2024-07-07 13:40:28,984 - ERROR - An error occurred while generating thumbnail for C:\Users\DELL\Dev\eaglewiki\wiki\media\images\Blessed_Cyprian-black_and_white.jpg: [Errno 2] No such file or directory: 'thumbnails/Blessed_Cyprian-black_and_white_thumb.jpg'
2024-07-07 13:40:29,002 - ERROR - An error occurred while generating thumbnail for C:\Users\DELL\Dev\eaglewiki\wiki\media\images\GRV.jpg: [Errno 2] No such file or directory: 'thumbnails/GRV_thumb.jpg'
2024-07-07 13:40:29,023 - ERROR - An error occurred while generating thumbnail for C:\Users\DELL\Dev\eaglewiki\wiki\media\images\dora-akunyili.jpg: [Errno 2] No such file or directory: 'thumbnails/dora-akunyili_thumb.jpg'
2024-07-07 13:40:29,081 - ERROR - An error occurred while generating thumbnail for C:\Users\DELL\Dev\eaglewiki\wiki\media\images\Hundeyin.jpeg: [Errno 2] No such file or directory: 'thumbnails/Hundeyin_thumb.jpeg'
2024-07-07 13:40:29,097 - ERROR - An error occurred while generating thumbnail for C:\Users\DELL\Dev\eaglewiki\wiki\media\images\Datti-Baba-Ahmed.jpg: [Errno 2] No such file or directory: 'thumbnails/Datti-Baba-Ahmed_thumb.jpg'
2024-07-07 13:40:29,113 - ERROR - An error occurred while generating thumbnail for C:\Users\DELL\Dev\eaglewiki\wiki\media\images\Njideka_Akunyili_Crosby.jpg: [Errno 2] No such file or directory: 'thumbnails/Njideka_Akunyili_Crosby_thumb.jpg'
2024-07-07 13:40:29,180 - ERROR - An error occurred while generating thumbnail for C:\Users\DELL\Dev\eaglewiki\wiki\media\images\Chiamaka_Nnadozie_Baller.jpeg: [Errno 2] No such file or directory: 'thumbnails/Chiamaka_Nnadozie_Baller_thumb.jpeg'
2024-07-07 13:40:29,238 - ERROR - An error occurred while generating thumbnail for C:\Users\DELL\Dev\eaglewiki\wiki\media\images\Pricilia_Amadi.jpeg: [Errno 2] No such file or directory: 'thumbnails/Pricilia_Amadi_thumb.jpeg'
2024-07-07 13:40:29,241 - ERROR - An error occurred while generating thumbnail for C:\Users\DELL\Dev\eaglewiki\wiki\media\images\ekong.jpeg: [Errno 2] No such file or directory: 'thumbnails/ekong_thumb.jpeg'
2024-07-07 13:40:29,355 - ERROR - An error occurred while generating thumbnail for C:\Users\DELL\Dev\eaglewiki\wiki\media\images\Sally_Amaka_Okafor.jpg: [Errno 2] No such file or directory: 'thumbnails/Sally_Amaka_Okafor_thumb.jpg'
2024-07-07 13:40:29,406 - ERROR - An error occurred while generating thumbnail for C:\Users\DELL\Dev\eaglewiki\wiki\media\images\elekwachi_oluchi.jpeg: [Errno 2] No such file or directory: 'thumbnails/elekwachi_oluchi_thumb.jpeg'
2024-07-07 13:40:30,094 - ERROR - Failed to open image file C:\Users\DELL\Dev\eaglewiki\wiki\media\images\image_34.jpg: cannot identify image file 'C:\\Users\\DELL\\Dev\\eaglewiki\\wiki\\media\\images\\image_34.jpg'
2024-07-07 13:40:30,123 - ERROR - An error occurred while generating thumbnail for C:\Users\DELL\Dev\eaglewiki\wiki\media\images\Obasanjo-.jpg: [Errno 2] No such file or directory: 'thumbnails/Obasanjo-_thumb.jpg'
2024-07-07 13:40:30,133 - ERROR - An error occurred while generating thumbnail for C:\Users\DELL\Dev\eaglewiki\wiki\media\images\Things_fall_apart.jpg: [Errno 2] No such file or directory: 'thumbnails/Things_fall_apart_thumb.jpg'
2024-07-07 13:40:30,229 - ERROR - An error occurred while generating thumbnail for C:\Users\DELL\Dev\eaglewiki\wiki\media\images\Igbo.jpg: [Errno 2] No such file or directory: 'thumbnails/Igbo_thumb.jpg'
2024-07-07 13:40:30,251 - ERROR - An error occurred while generating thumbnail for C:\Users\DELL\Dev\eaglewiki\wiki\media\images\Biafran_Flag.jpg: [Errno 2] No such file or directory: 'thumbnails/Biafran_Flag_thumb.jpg'
2024-07-07 13:40:30,293 - ERROR - An error occurred while generating thumbnail for C:\Users\DELL\Dev\eaglewiki\wiki\media\images\Nigerias-Independence..jpg: [Errno 2] No such file or directory: 'thumbnails/Nigerias-Independence._thumb.jpg'
2024-07-07 13:40:30,298 - ERROR - An error occurred while generating thumbnail for C:\Users\DELL\Dev\eaglewiki\wiki\media\images\Ebuka-Obi-Uchendu.png: [Errno 2] No such file or directory: 'thumbnails/Ebuka-Obi-Uchendu_thumb.png'
2024-07-07 13:40:30,304 - ERROR - An error occurred while generating thumbnail for C:\Users\DELL\Dev\eaglewiki\wiki\media\images\BBNaija-1.png: [Errno 2] No such file or directory: 'thumbnails/BBNaija-1_thumb.png'
2024-07-07 13:40:30,335 - ERROR - An error occurred while generating thumbnail for C:\Users\DELL\Dev\eaglewiki\wiki\media\images\Onitsha_Stock_Exchange_building.jpg: [Errno 2] No such file or directory: 'thumbnails/Onitsha_Stock_Exchange_building_thumb.jpg'
2024-07-07 13:40:30,350 - ERROR - An error occurred while generating thumbnail for C:\Users\DELL\Dev\eaglewiki\wiki\media\images\ipob-.jpg: [Errno 2] No such file or directory: 'thumbnails/ipob-_thumb.jpg'
2024-07-07 13:40:30,364 - ERROR - An error occurred while generating thumbnail for C:\Users\DELL\Dev\eaglewiki\wiki\media\images\Nigerians_image: unknown file extension: 
2024-07-07 13:46:00,704 - ERROR - An error occurred while generating thumbnail for C:\Users\DELL\Dev\eaglewiki\wiki\media\images\Otti.png: [Errno 2] No such file or directory: 'thumbnails/Otti_thumb.png'
2024-07-07 13:46:00,753 - ERROR - An error occurred while generating thumbnail for C:\Users\DELL\Dev\eaglewiki\wiki\media\images\Arunma_Ote_FM5MkAB.jpg: [Errno 2] No such file or directory: 'thumbnails/Arunma_Ote_FM5MkAB_thumb.jpg'
2024-07-07 13:46:00,800 - ERROR - An error occurred while generating thumbnail for C:\Users\DELL\Dev\eaglewiki\wiki\media\images\Emeka-anyaoku-1801.jpg: [Errno 2] No such file or directory: 'thumbnails/Emeka-anyaoku-1801_thumb.jpg'
2024-07-07 13:46:00,849 - ERROR - An error occurred while generating thumbnail for C:\Users\DELL\Dev\eaglewiki\wiki\media\images\ojukwu.jpg: [Errno 2] No such file or directory: 'thumbnails/ojukwu_thumb.jpg'
2024-07-07 13:46:00,886 - ERROR - An error occurred while generating thumbnail for C:\Users\DELL\Dev\eaglewiki\wiki\media\images\Adichie_black_and_white_LQVypqi.jpg: [Errno 2] No such file or directory: 'thumbnails/Adichie_black_and_white_LQVypqi_thumb.jpg'
2024-07-07 13:46:00,939 - ERROR - An error occurred while generating thumbnail for C:\Users\DELL\Dev\eaglewiki\wiki\media\images\Ademola_Lookman.jpg: [Errno 2] No such file or directory: 'thumbnails/Ademola_Lookman_thumb.jpg'
2024-07-07 13:46:01,003 - ERROR - An error occurred while generating thumbnail for C:\Users\DELL\Dev\eaglewiki\wiki\media\images\Praise_Onabanjo0_bXmYCCd.jpeg: [Errno 2] No such file or directory: 'thumbnails/Praise_Onabanjo0_bXmYCCd_thumb.jpeg'
2024-07-07 13:46:01,043 - ERROR - An error occurred while generating thumbnail for C:\Users\DELL\Dev\eaglewiki\wiki\media\images\CHINUA-ACHEBE-_black_and_white.jpg: [Errno 2] No such file or directory: 'thumbnails/CHINUA-ACHEBE-_black_and_white_thumb.jpg'
2024-07-07 13:46:01,112 - ERROR - An error occurred while generating thumbnail for C:\Users\DELL\Dev\eaglewiki\wiki\media\images\Pete-Edochie.jpg: [Errno 2] No such file or directory: 'thumbnails/Pete-Edochie_thumb.jpg'
2024-07-07 13:46:01,156 - ERROR - An error occurred while generating thumbnail for C:\Users\DELL\Dev\eaglewiki\wiki\media\images\adesina_a-akinwumi.jpg: [Errno 2] No such file or directory: 'thumbnails/adesina_a-akinwumi_thumb.jpg'
2024-07-07 13:46:01,192 - ERROR - An error occurred while generating thumbnail for C:\Users\DELL\Dev\eaglewiki\wiki\media\images\Blessed_Cyprian-black_and_white.jpg: [Errno 2] No such file or directory: 'thumbnails/Blessed_Cyprian-black_and_white_thumb.jpg'
2024-07-07 13:46:01,244 - ERROR - An error occurred while generating thumbnail for C:\Users\DELL\Dev\eaglewiki\wiki\media\images\GRV.jpg: [Errno 2] No such file or directory: 'thumbnails/GRV_thumb.jpg'
2024-07-07 13:46:01,314 - ERROR - An error occurred while generating thumbnail for C:\Users\DELL\Dev\eaglewiki\wiki\media\images\dora-akunyili.jpg: [Errno 2] No such file or directory: 'thumbnails/dora-akunyili_thumb.jpg'
2024-07-07 13:46:01,367 - ERROR - An error occurred while generating thumbnail for C:\Users\DELL\Dev\eaglewiki\wiki\media\images\Hundeyin.jpeg: [Errno 2] No such file or directory: 'thumbnails/Hundeyin_thumb.jpeg'
2024-07-07 13:46:01,430 - ERROR - An error occurred while generating thumbnail for C:\Users\DELL\Dev\eaglewiki\wiki\media\images\Datti-Baba-Ahmed.jpg: [Errno 2] No such file or directory: 'thumbnails/Datti-Baba-Ahmed_thumb.jpg'
2024-07-07 13:46:01,518 - ERROR - An error occurred while generating thumbnail for C:\Users\DELL\Dev\eaglewiki\wiki\media\images\Njideka_Akunyili_Crosby.jpg: [Errno 2] No such file or directory: 'thumbnails/Njideka_Akunyili_Crosby_thumb.jpg'
2024-07-07 13:46:01,636 - ERROR - An error occurred while generating thumbnail for C:\Users\DELL\Dev\eaglewiki\wiki\media\images\Chiamaka_Nnadozie_Baller.jpeg: [Errno 2] No such file or directory: 'thumbnails/Chiamaka_Nnadozie_Baller_thumb.jpeg'
2024-07-07 13:46:01,731 - ERROR - An error occurred while generating thumbnail for C:\Users\DELL\Dev\eaglewiki\wiki\media\images\Pricilia_Amadi.jpeg: [Errno 2] No such file or directory: 'thumbnails/Pricilia_Amadi_thumb.jpeg'
2024-07-07 13:46:01,807 - ERROR - An error occurred while generating thumbnail for C:\Users\DELL\Dev\eaglewiki\wiki\media\images\ekong.jpeg: [Errno 2] No such file or directory: 'thumbnails/ekong_thumb.jpeg'
2024-07-07 13:46:02,064 - ERROR - An error occurred while generating thumbnail for C:\Users\DELL\Dev\eaglewiki\wiki\media\images\Sally_Amaka_Okafor.jpg: [Errno 2] No such file or directory: 'thumbnails/Sally_Amaka_Okafor_thumb.jpg'
2024-07-07 13:46:02,147 - ERROR - An error occurred while generating thumbnail for C:\Users\DELL\Dev\eaglewiki\wiki\media\images\elekwachi_oluchi.jpeg: [Errno 2] No such file or directory: 'thumbnails/elekwachi_oluchi_thumb.jpeg'
2024-07-07 13:46:02,440 - ERROR - Failed to open image file C:\Users\DELL\Dev\eaglewiki\wiki\media\images\image_34.jpg: cannot identify image file 'C:\\Users\\DELL\\Dev\\eaglewiki\\wiki\\media\\images\\image_34.jpg'
2024-07-07 13:46:02,541 - ERROR - An error occurred while generating thumbnail for C:\Users\DELL\Dev\eaglewiki\wiki\media\images\Obasanjo-.jpg: [Errno 2] No such file or directory: 'thumbnails/Obasanjo-_thumb.jpg'
2024-07-07 13:46:02,593 - ERROR - An error occurred while generating thumbnail for C:\Users\DELL\Dev\eaglewiki\wiki\media\images\Things_fall_apart.jpg: [Errno 2] No such file or directory: 'thumbnails/Things_fall_apart_thumb.jpg'
2024-07-07 13:46:02,892 - ERROR - An error occurred while generating thumbnail for C:\Users\DELL\Dev\eaglewiki\wiki\media\images\Igbo.jpg: [Errno 2] No such file or directory: 'thumbnails/Igbo_thumb.jpg'
2024-07-07 13:46:03,030 - ERROR - An error occurred while generating thumbnail for C:\Users\DELL\Dev\eaglewiki\wiki\media\images\Biafran_Flag.jpg: [Errno 2] No such file or directory: 'thumbnails/Biafran_Flag_thumb.jpg'
2024-07-07 13:46:03,120 - ERROR - An error occurred while generating thumbnail for C:\Users\DELL\Dev\eaglewiki\wiki\media\images\Nigerias-Independence..jpg: [Errno 2] No such file or directory: 'thumbnails/Nigerias-Independence._thumb.jpg'
2024-07-07 13:46:03,163 - ERROR - An error occurred while generating thumbnail for C:\Users\DELL\Dev\eaglewiki\wiki\media\images\Ebuka-Obi-Uchendu.png: [Errno 2] No such file or directory: 'thumbnails/Ebuka-Obi-Uchendu_thumb.png'
2024-07-07 13:46:03,195 - ERROR - An error occurred while generating thumbnail for C:\Users\DELL\Dev\eaglewiki\wiki\media\images\BBNaija-1.png: [Errno 2] No such file or directory: 'thumbnails/BBNaija-1_thumb.png'
2024-07-07 13:46:03,275 - ERROR - An error occurred while generating thumbnail for C:\Users\DELL\Dev\eaglewiki\wiki\media\images\Onitsha_Stock_Exchange_building.jpg: [Errno 2] No such file or directory: 'thumbnails/Onitsha_Stock_Exchange_building_thumb.jpg'
2024-07-07 13:46:03,337 - ERROR - An error occurred while generating thumbnail for C:\Users\DELL\Dev\eaglewiki\wiki\media\images\ipob-.jpg: [Errno 2] No such file or directory: 'thumbnails/ipob-_thumb.jpg'
2024-07-07 13:46:03,349 - ERROR - An error occurred while generating thumbnail for C:\Users\DELL\Dev\eaglewiki\wiki\media\images\Nigerians_image: unknown file extension: 
2024-07-07 13:46:03,406 - ERROR - An error occurred while generating thumbnail for C:\Users\DELL\Dev\eaglewiki\wiki\media\images\Nigerian_Armed_Forces_image: unknown file extension: 
2024-07-07 13:46:03,417 - ERROR - An error occurred while generating thumbnail for C:\Users\DELL\Dev\eaglewiki\wiki\media\images\Colonial_Nigeria_image: unknown file extension: 
2024-07-07 13:46:03,426 - ERROR - An error occurred while generating thumbnail for C:\Users\DELL\Dev\eaglewiki\wiki\media\images\List_of_governors_and_governors-general_of_Nigeria_image: unknown file extension: 
2024-07-07 13:46:19,614 - INFO - Watching for file changes with StatReloader
2024-07-07 21:11:40,768 - ERROR - Failed to open image file C:\Users\DELL\Dev\eaglewiki\wiki\media\images\image_34.jpg: cannot identify image file 'C:\\Users\\DELL\\Dev\\eaglewiki\\wiki\\media\\images\\image_34.jpg'
2024-07-07 21:11:40,786 - ERROR - An error occurred while generating thumbnail for C:\Users\DELL\Dev\eaglewiki\wiki\media\images\Nigerians_image: unknown file extension: 
2024-07-07 21:11:40,805 - ERROR - An error occurred while generating thumbnail for C:\Users\DELL\Dev\eaglewiki\wiki\media\images\Nigerian_Armed_Forces_image: unknown file extension: 
2024-07-07 21:11:40,816 - ERROR - An error occurred while generating thumbnail for C:\Users\DELL\Dev\eaglewiki\wiki\media\images\Colonial_Nigeria_image: unknown file extension: 
2024-07-07 21:11:40,835 - ERROR - An error occurred while generating thumbnail for C:\Users\DELL\Dev\eaglewiki\wiki\media\images\List_of_governors_and_governors-general_of_Nigeria_image: unknown file extension: 
2024-07-07 21:12:11,487 - INFO - Watching for file changes with StatReloader
2024-07-07 21:17:40,908 - INFO - Watching for file changes with StatReloader
2024-07-07 21:27:27,955 - ERROR - Failed to open image file C:\Users\DELL\Dev\eaglewiki\wiki\media\images\image_34.jpg: cannot identify image file 'C:\\Users\\DELL\\Dev\\eaglewiki\\wiki\\media\\images\\image_34.jpg'
2024-07-07 21:28:02,589 - INFO - Watching for file changes with StatReloader
2024-07-07 21:33:08,002 - INFO - Watching for file changes with StatReloader
2024-07-07 21:34:06,653 - ERROR - Failed to open image file C:\Users\DELL\Dev\eaglewiki\wiki\media\images\image_34.jpg: cannot identify image file 'C:\\Users\\DELL\\Dev\\eaglewiki\\wiki\\media\\images\\image_34.jpg'
2024-07-07 21:34:06,671 - ERROR - Failed to open image file C:\Users\DELL\Dev\eaglewiki\wiki\media\images\image_34.jpg: cannot identify image file 'C:\\Users\\DELL\\Dev\\eaglewiki\\wiki\\media\\images\\image_34.jpg'
2024-07-07 21:34:55,749 - INFO - Watching for file changes with StatReloader
2024-07-07 22:11:46,866 - ERROR - An error occurred while generating thumbnail for C:\Users\DELL\Dev\eaglewiki\wiki\media\images\Nigeria_flag_gS7HS7Y.png: [Errno 2] No such file or directory: 'thumbnails/Nigeria_flag_gS7HS7Y_thumb.png'
2024-07-07 22:12:44,710 - ERROR - An error occurred while generating thumbnail for C:\Users\DELL\Dev\eaglewiki\wiki\media\images\Nigeria_flag_gS7HS7Y.png: [Errno 2] No such file or directory: 'thumbnails/Nigeria_flag_gS7HS7Y_thumb.png'
2024-07-08 13:53:47,030 - ERROR - An error occurred while generating thumbnail for C:\Users\DELL\Dev\eaglewiki\wiki\media\images\Colonial_Nigeria_image: unknown file extension: 
2024-07-08 13:53:47,051 - ERROR - An error occurred while generating thumbnail for C:\Users\DELL\Dev\eaglewiki\wiki\media\images\Colonial_Nigeria_image: unknown file extension: 
2024-07-08 13:53:47,921 - ERROR - An error occurred while generating thumbnail for C:\Users\DELL\Dev\eaglewiki\wiki\media\images\Biafran_Flag.jpg: [Errno 2] No such file or directory: 'thumbnails/Biafran_Flag_thumb.jpg'
2024-07-08 13:53:47,958 - ERROR - An error occurred while generating thumbnail for C:\Users\DELL\Dev\eaglewiki\wiki\media\images\Biafran_Flag.jpg: [Errno 2] No such file or directory: 'thumbnails/Biafran_Flag_thumb.jpg'
2024-07-08 13:57:56,546 - ERROR - An error occurred while generating thumbnail for C:\Users\DELL\Dev\eaglewiki\wiki\media\images\Nigerian_Armed_Forces_image: unknown file extension: 
2024-07-08 13:57:56,561 - ERROR - An error occurred while generating thumbnail for C:\Users\DELL\Dev\eaglewiki\wiki\media\images\Nigerian_Armed_Forces_image: unknown file extension: 
2024-07-08 13:57:58,468 - ERROR - An error occurred while generating thumbnail for C:\Users\DELL\Dev\eaglewiki\wiki\media\images\Nigeria_flag_gS7HS7Y.png: [Errno 2] No such file or directory: 'thumbnails/Nigeria_flag_gS7HS7Y_thumb.png'
2024-07-08 13:57:58,498 - ERROR - An error occurred while generating thumbnail for C:\Users\DELL\Dev\eaglewiki\wiki\media\images\Nigeria_flag_gS7HS7Y.png: [Errno 2] No such file or directory: 'thumbnails/Nigeria_flag_gS7HS7Y_thumb.png'
2024-07-08 14:01:33,879 - ERROR - An error occurred while generating thumbnail for C:\Users\DELL\Dev\eaglewiki\wiki\media\images\Nigerian_Armed_Forces_image: unknown file extension: 
2024-07-08 14:01:33,888 - ERROR - An error occurred while generating thumbnail for C:\Users\DELL\Dev\eaglewiki\wiki\media\images\Nigerian_Armed_Forces_image: unknown file extension: 
2024-07-08 14:01:36,208 - ERROR - An error occurred while generating thumbnail for C:\Users\DELL\Dev\eaglewiki\wiki\media\images\Nigeria_flag_gS7HS7Y.png: [Errno 2] No such file or directory: 'thumbnails/Nigeria_flag_gS7HS7Y_thumb.png'
2024-07-08 14:01:36,230 - ERROR - An error occurred while generating thumbnail for C:\Users\DELL\Dev\eaglewiki\wiki\media\images\Nigeria_flag_gS7HS7Y.png: [Errno 2] No such file or directory: 'thumbnails/Nigeria_flag_gS7HS7Y_thumb.png'
2024-07-08 14:02:07,681 - ERROR - An error occurred while generating thumbnail for C:\Users\DELL\Dev\eaglewiki\wiki\media\images\Colonial_Nigeria_image: unknown file extension: 
2024-07-08 14:02:07,698 - ERROR - An error occurred while generating thumbnail for C:\Users\DELL\Dev\eaglewiki\wiki\media\images\Colonial_Nigeria_image: unknown file extension: 
2024-07-08 14:02:08,436 - ERROR - An error occurred while generating thumbnail for C:\Users\DELL\Dev\eaglewiki\wiki\media\images\Biafran_Flag.jpg: [Errno 2] No such file or directory: 'thumbnails/Biafran_Flag_thumb.jpg'
2024-07-08 14:02:08,461 - ERROR - An error occurred while generating thumbnail for C:\Users\DELL\Dev\eaglewiki\wiki\media\images\Biafran_Flag.jpg: [Errno 2] No such file or directory: 'thumbnails/Biafran_Flag_thumb.jpg'
2024-07-08 14:02:10,265 - ERROR - An error occurred while generating thumbnail for C:\Users\DELL\Dev\eaglewiki\wiki\media\images\Obasanjo-.jpg: [Errno 2] No such file or directory: 'thumbnails/Obasanjo-_thumb.jpg'
2024-07-08 14:02:10,305 - ERROR - An error occurred while generating thumbnail for C:\Users\DELL\Dev\eaglewiki\wiki\media\images\Obasanjo-.jpg: [Errno 2] No such file or directory: 'thumbnails/Obasanjo-_thumb.jpg'
2024-07-08 14:02:49,457 - INFO - Watching for file changes with StatReloader
2024-07-08 14:07:16,115 - ERROR - An error occurred while generating thumbnail for C:\Users\DELL\Dev\eaglewiki\wiki\media\images\Igbo.jpg: [Errno 2] No such file or directory: 'thumbnails/Igbo_thumb.jpg'
2024-07-08 14:07:16,260 - ERROR - An error occurred while generating thumbnail for C:\Users\DELL\Dev\eaglewiki\wiki\media\images\Igbo.jpg: [Errno 2] No such file or directory: 'thumbnails/Igbo_thumb.jpg'
2024-07-09 00:59:26,991 - INFO - Watching for file changes with StatReloader
2024-07-09 01:02:09,502 - ERROR - An error occurred while generating thumbnail for C:\Users\DELL\Dev\eaglewiki\wiki\media\images\Igbo.jpg: [Errno 2] No such file or directory: 'thumbnails/Igbo_thumb.jpg'
2024-07-09 01:02:09,604 - ERROR - An error occurred while generating thumbnail for C:\Users\DELL\Dev\eaglewiki\wiki\media\images\Igbo.jpg: [Errno 2] No such file or directory: 'thumbnails/Igbo_thumb.jpg'
2024-07-09 01:02:45,126 - INFO - Watching for file changes with StatReloader
2024-07-09 01:26:08,998 - ERROR - An error occurred while generating thumbnail for C:\Users\DELL\Dev\eaglewiki\wiki\media\images\Pete-Edochie.jpg: [Errno 2] No such file or directory: 'thumbnails/Pete-Edochie_thumb.jpg'
2024-07-09 01:26:09,029 - ERROR - An error occurred while generating thumbnail for C:\Users\DELL\Dev\eaglewiki\wiki\media\images\Pete-Edochie.jpg: [Errno 2] No such file or directory: 'thumbnails/Pete-Edochie_thumb.jpg'
2024-07-09 01:27:09,300 - INFO - Watching for file changes with StatReloader
2024-07-09 01:42:56,403 - INFO - C:\Users\DELL\Dev\eaglewiki\wiki\encyclopedia\views.py changed, reloading.
2024-07-09 01:43:01,122 - INFO - Watching for file changes with StatReloader
2024-07-09 01:43:38,120 - INFO - C:\Users\DELL\Dev\eaglewiki\wiki\encyclopedia\views.py changed, reloading.
2024-07-09 01:43:41,355 - INFO - Watching for file changes with StatReloader
2024-07-09 01:46:03,606 - INFO - C:\Users\DELL\Dev\eaglewiki\wiki\encyclopedia\models.py changed, reloading.
2024-07-09 01:46:08,433 - INFO - Watching for file changes with StatReloader
2024-07-09 01:49:28,686 - INFO - C:\Users\DELL\Dev\eaglewiki\wiki\encyclopedia\models.py changed, reloading.
2024-07-09 01:49:33,672 - INFO - Watching for file changes with StatReloader
2024-07-09 01:51:18,709 - INFO - Watching for file changes with StatReloader
2024-07-10 09:36:51,224 - ERROR - An error occurred while generating thumbnail for C:\Users\DELL\Dev\eaglewiki\wiki\media\images\Mike_Ezruonye.jpg: [Errno 2] No such file or directory: 'thumbnails/Mike_Ezruonye_thumb.jpg'
2024-07-10 09:42:20,309 - ERROR - An error occurred while generating thumbnail for C:\Users\DELL\Dev\eaglewiki\wiki\media\images\Mike_Ezruonye.jpg: [Errno 2] No such file or directory: 'thumbnails/Mike_Ezruonye_thumb.jpg'
2024-07-10 09:43:43,727 - ERROR - An error occurred while generating thumbnail for C:\Users\DELL\Dev\eaglewiki\wiki\media\images\Mike_Ezruonye.jpg: [Errno 2] No such file or directory: 'thumbnails/Mike_Ezruonye_thumb.jpg'
2024-07-10 09:46:12,576 - ERROR - An error occurred while generating thumbnail for C:\Users\DELL\Dev\eaglewiki\wiki\media\images\Sola_Fosudo.jpg: [Errno 2] No such file or directory: 'thumbnails/Sola_Fosudo_thumb.jpg'
2024-07-10 09:46:45,879 - ERROR - An error occurred while generating thumbnail for C:\Users\DELL\Dev\eaglewiki\wiki\media\images\Sola_Fosudo.jpg: [Errno 2] No such file or directory: 'thumbnails/Sola_Fosudo_thumb.jpg'
2024-07-10 09:48:32,497 - ERROR - An error occurred while generating thumbnail for C:\Users\DELL\Dev\eaglewiki\wiki\media\images\Sola_Fosudo.jpg: [Errno 2] No such file or directory: 'thumbnails/Sola_Fosudo_thumb.jpg'
2024-07-10 09:49:43,988 - ERROR - An error occurred while generating thumbnail for C:\Users\DELL\Dev\eaglewiki\wiki\media\images\Sola_Fosudo.jpg: [Errno 2] No such file or directory: 'thumbnails/Sola_Fosudo_thumb.jpg'
2024-07-10 09:51:52,550 - ERROR - An error occurred while generating thumbnail for C:\Users\DELL\Dev\eaglewiki\wiki\media\images\Chinedu_Ikedieze.jpg: [Errno 2] No such file or directory: 'thumbnails/Chinedu_Ikedieze_thumb.jpg'
2024-07-10 09:54:46,685 - ERROR - An error occurred while generating thumbnail for C:\Users\DELL\Dev\eaglewiki\wiki\media\images\Chinedu_Ikedieze.jpg: [Errno 2] No such file or directory: 'thumbnails/Chinedu_Ikedieze_thumb.jpg'
2024-07-10 10:00:27,804 - ERROR - An error occurred while generating thumbnail for C:\Users\DELL\Dev\eaglewiki\wiki\media\images\Hakeem_Kae-Kazim.jpg: [Errno 2] No such file or directory: 'thumbnails/Hakeem_Kae-Kazim_thumb.jpg'
2024-07-10 10:03:19,678 - ERROR - An error occurred while generating thumbnail for C:\Users\DELL\Dev\eaglewiki\wiki\media\images\Hakeem_Kae-Kazim.jpeg: [Errno 2] No such file or directory: 'thumbnails/Hakeem_Kae-Kazim_thumb.jpeg'
2024-07-10 10:03:41,654 - ERROR - An error occurred while generating thumbnail for C:\Users\DELL\Dev\eaglewiki\wiki\media\images\Hakeem_Kae-Kazim_1mGsZjz.jpg: [Errno 2] No such file or directory: 'thumbnails/Hakeem_Kae-Kazim_1mGsZjz_thumb.jpg'
2024-07-10 10:06:46,481 - ERROR - An error occurred while generating thumbnail for C:\Users\DELL\Dev\eaglewiki\wiki\media\images\Hakeem_Kae-Kazim_1mGsZjz.jpg: [Errno 2] No such file or directory: 'thumbnails/Hakeem_Kae-Kazim_1mGsZjz_thumb.jpg'
2024-07-10 10:07:30,815 - ERROR - An error occurred while generating thumbnail for C:\Users\DELL\Dev\eaglewiki\wiki\media\images\Hakeem_Kae-Kazim_1mGsZjz.jpg: [Errno 2] No such file or directory: 'thumbnails/Hakeem_Kae-Kazim_1mGsZjz_thumb.jpg'
2024-07-10 13:12:05,684 - ERROR - An error occurred while generating thumbnail for C:\Users\DELL\Dev\eaglewiki\wiki\media\images\Ettim-Effiong-.jpeg: [Errno 2] No such file or directory: 'thumbnails/Ettim-Effiong-_thumb.jpeg'
2024-07-10 13:15:45,957 - ERROR - An error occurred while generating thumbnail for C:\Users\DELL\Dev\eaglewiki\wiki\media\images\Ettim-Effiong-.jpeg: [Errno 2] No such file or directory: 'thumbnails/Ettim-Effiong-_thumb.jpeg'
2024-07-10 13:18:34,601 - ERROR - An error occurred while generating thumbnail for C:\Users\DELL\Dev\eaglewiki\wiki\media\images\Rotimi_Salami.jpg: [Errno 2] No such file or directory: 'thumbnails/Rotimi_Salami_thumb.jpg'
2024-07-10 13:20:30,022 - ERROR - An error occurred while generating thumbnail for C:\Users\DELL\Dev\eaglewiki\wiki\media\images\Rotimi_Salami.jpg: [Errno 2] No such file or directory: 'thumbnails/Rotimi_Salami_thumb.jpg'
2024-07-10 13:23:20,959 - ERROR - An error occurred while generating thumbnail for C:\Users\DELL\Dev\eaglewiki\wiki\media\images\Tosin_Igho.jpg: [Errno 2] No such file or directory: 'thumbnails/Tosin_Igho_thumb.jpg'
2024-07-10 13:26:07,307 - ERROR - An error occurred while generating thumbnail for C:\Users\DELL\Dev\eaglewiki\wiki\media\images\Tosin_Igho.jpg: [Errno 2] No such file or directory: 'thumbnails/Tosin_Igho_thumb.jpg'
2024-07-10 13:30:25,673 - ERROR - An error occurred while generating thumbnail for C:\Users\DELL\Dev\eaglewiki\wiki\media\images\Peter_Obi.jpeg: [Errno 2] No such file or directory: 'thumbnails/Peter_Obi_thumb.jpeg'
2024-07-10 13:31:18,638 - ERROR - An error occurred while generating thumbnail for C:\Users\DELL\Dev\eaglewiki\wiki\media\images\Nigerians_image: unknown file extension: 
2024-07-10 13:31:18,650 - ERROR - An error occurred while generating thumbnail for C:\Users\DELL\Dev\eaglewiki\wiki\media\images\List_of_governors_and_governors-general_of_Nigeria_image: unknown file extension: 
2024-07-10 13:31:32,410 - INFO - Watching for file changes with StatReloader
2024-07-10 13:32:31,835 - ERROR - An error occurred while generating thumbnail for C:\Users\DELL\Dev\eaglewiki\wiki\media\images\Tosin_Igho.jpg: [Errno 2] No such file or directory: 'thumbnails/Tosin_Igho_thumb.jpg'
2024-07-10 13:34:41,479 - ERROR - An error occurred while generating thumbnail for C:\Users\DELL\Dev\eaglewiki\wiki\media\images\Peter_Obi_6pkJwvO.jpeg: [Errno 2] No such file or directory: 'thumbnails/Peter_Obi_6pkJwvO_thumb.jpeg'
2024-07-11 15:23:50,049 - INFO - C:\Users\DELL\Dev\eaglewiki\wiki\encyclopedia\models.py changed, reloading.
2024-07-11 15:24:01,502 - INFO - Watching for file changes with StatReloader
2024-07-11 15:25:04,380 - ERROR - An error occurred while generating thumbnail for C:\Users\DELL\Dev\eaglewiki\wiki\media\images\Nigerians_image: unknown file extension: 
2024-07-11 15:25:04,413 - ERROR - An error occurred while generating thumbnail for C:\Users\DELL\Dev\eaglewiki\wiki\media\images\List_of_governors_and_governors-general_of_Nigeria_image: unknown file extension: 
2024-07-11 15:25:47,194 - INFO - Watching for file changes with StatReloader
2024-07-12 00:48:18,184 - WARNING - Not Found: /wiki/Falz.png
2024-07-13 09:24:07,683 - INFO - C:\Users\DELL\Dev\eaglewiki\wiki\encyclopedia\models.py changed, reloading.
2024-07-13 09:24:25,273 - INFO - Watching for file changes with StatReloader
2024-07-13 09:29:02,287 - INFO - C:\Users\DELL\Dev\eaglewiki\wiki\encyclopedia\views.py changed, reloading.
2024-07-13 09:29:05,690 - INFO - Watching for file changes with StatReloader
2024-07-13 09:36:38,069 - INFO - Watching for file changes with StatReloader
2024-07-13 09:36:50,802 - ERROR - Internal Server Error: /wiki/Chris Okagbue
Traceback (most recent call last):
  File "C:\Users\DELL\AppData\Local\Programs\Python\Python311\Lib\site-packages\django\template\base.py", line 505, in parse
    compile_func = self.tags[command]
                   ~~~~~~~~~^^^^^^^^^
KeyError: 'endblock'

During handling of the above exception, another exception occurred:

Traceback (most recent call last):
  File "C:\Users\DELL\AppData\Local\Programs\Python\Python311\Lib\site-packages\django\core\handlers\exception.py", line 55, in inner
    response = get_response(request)
               ^^^^^^^^^^^^^^^^^^^^^
  File "C:\Users\DELL\AppData\Local\Programs\Python\Python311\Lib\site-packages\django\core\handlers\base.py", line 197, in _get_response
    response = wrapped_callback(request, *callback_args, **callback_kwargs)
               ^^^^^^^^^^^^^^^^^^^^^^^^^^^^^^^^^^^^^^^^^^^^^^^^^^^^^^^^^^^^
  File "C:\Users\DELL\Dev\eaglewiki\wiki\encyclopedia\views.py", line 63, in entry_page
    return render(request, "entry.html", {
           ^^^^^^^^^^^^^^^^^^^^^^^^^^^^^^^
  File "C:\Users\DELL\AppData\Local\Programs\Python\Python311\Lib\site-packages\django\shortcuts.py", line 24, in render
    content = loader.render_to_string(template_name, context, request, using=using)
              ^^^^^^^^^^^^^^^^^^^^^^^^^^^^^^^^^^^^^^^^^^^^^^^^^^^^^^^^^^^^^^^^^^^^^
  File "C:\Users\DELL\AppData\Local\Programs\Python\Python311\Lib\site-packages\django\template\loader.py", line 61, in render_to_string
    template = get_template(template_name, using=using)
               ^^^^^^^^^^^^^^^^^^^^^^^^^^^^^^^^^^^^^^^^
  File "C:\Users\DELL\AppData\Local\Programs\Python\Python311\Lib\site-packages\django\template\loader.py", line 15, in get_template
    return engine.get_template(template_name)
           ^^^^^^^^^^^^^^^^^^^^^^^^^^^^^^^^^^
  File "C:\Users\DELL\AppData\Local\Programs\Python\Python311\Lib\site-packages\django\template\backends\django.py", line 33, in get_template
    return Template(self.engine.get_template(template_name), self)
                    ^^^^^^^^^^^^^^^^^^^^^^^^^^^^^^^^^^^^^^^
  File "C:\Users\DELL\AppData\Local\Programs\Python\Python311\Lib\site-packages\django\template\engine.py", line 175, in get_template
    template, origin = self.find_template(template_name)
                       ^^^^^^^^^^^^^^^^^^^^^^^^^^^^^^^^^
  File "C:\Users\DELL\AppData\Local\Programs\Python\Python311\Lib\site-packages\django\template\engine.py", line 157, in find_template
    template = loader.get_template(name, skip=skip)
               ^^^^^^^^^^^^^^^^^^^^^^^^^^^^^^^^^^^^
  File "C:\Users\DELL\AppData\Local\Programs\Python\Python311\Lib\site-packages\django\template\loaders\cached.py", line 57, in get_template
    template = super().get_template(template_name, skip)
               ^^^^^^^^^^^^^^^^^^^^^^^^^^^^^^^^^^^^^^^^^
  File "C:\Users\DELL\AppData\Local\Programs\Python\Python311\Lib\site-packages\django\template\loaders\base.py", line 28, in get_template
    return Template(
           ^^^^^^^^^
  File "C:\Users\DELL\AppData\Local\Programs\Python\Python311\Lib\site-packages\django\template\base.py", line 154, in __init__
    self.nodelist = self.compile_nodelist()
                    ^^^^^^^^^^^^^^^^^^^^^^^
  File "C:\Users\DELL\AppData\Local\Programs\Python\Python311\Lib\site-packages\django\template\base.py", line 200, in compile_nodelist
    return parser.parse()
           ^^^^^^^^^^^^^^
  File "C:\Users\DELL\AppData\Local\Programs\Python\Python311\Lib\site-packages\django\template\base.py", line 513, in parse
    raise self.error(token, e)
  File "C:\Users\DELL\AppData\Local\Programs\Python\Python311\Lib\site-packages\django\template\base.py", line 511, in parse
    compiled_result = compile_func(self, token)
                      ^^^^^^^^^^^^^^^^^^^^^^^^^
  File "C:\Users\DELL\AppData\Local\Programs\Python\Python311\Lib\site-packages\django\template\loader_tags.py", line 293, in do_extends
    nodelist = parser.parse()
               ^^^^^^^^^^^^^^
  File "C:\Users\DELL\AppData\Local\Programs\Python\Python311\Lib\site-packages\django\template\base.py", line 507, in parse
    self.invalid_block_tag(token, command, parse_until)
  File "C:\Users\DELL\AppData\Local\Programs\Python\Python311\Lib\site-packages\django\template\base.py", line 568, in invalid_block_tag
    raise self.error(
django.template.exceptions.TemplateSyntaxError: Invalid block tag on line 72: 'endblock'. Did you forget to register or load this tag?
2024-07-13 09:38:27,049 - ERROR - Internal Server Error: /wiki/Chris Okagbue
Traceback (most recent call last):
  File "C:\Users\DELL\AppData\Local\Programs\Python\Python311\Lib\site-packages\django\template\base.py", line 505, in parse
    compile_func = self.tags[command]
                   ~~~~~~~~~^^^^^^^^^
KeyError: 'endblock'

During handling of the above exception, another exception occurred:

Traceback (most recent call last):
  File "C:\Users\DELL\AppData\Local\Programs\Python\Python311\Lib\site-packages\django\core\handlers\exception.py", line 55, in inner
    response = get_response(request)
               ^^^^^^^^^^^^^^^^^^^^^
  File "C:\Users\DELL\AppData\Local\Programs\Python\Python311\Lib\site-packages\django\core\handlers\base.py", line 197, in _get_response
    response = wrapped_callback(request, *callback_args, **callback_kwargs)
               ^^^^^^^^^^^^^^^^^^^^^^^^^^^^^^^^^^^^^^^^^^^^^^^^^^^^^^^^^^^^
  File "C:\Users\DELL\Dev\eaglewiki\wiki\encyclopedia\views.py", line 63, in entry_page
    return render(request, "entry.html", {
           ^^^^^^^^^^^^^^^^^^^^^^^^^^^^^^^
  File "C:\Users\DELL\AppData\Local\Programs\Python\Python311\Lib\site-packages\django\shortcuts.py", line 24, in render
    content = loader.render_to_string(template_name, context, request, using=using)
              ^^^^^^^^^^^^^^^^^^^^^^^^^^^^^^^^^^^^^^^^^^^^^^^^^^^^^^^^^^^^^^^^^^^^^
  File "C:\Users\DELL\AppData\Local\Programs\Python\Python311\Lib\site-packages\django\template\loader.py", line 61, in render_to_string
    template = get_template(template_name, using=using)
               ^^^^^^^^^^^^^^^^^^^^^^^^^^^^^^^^^^^^^^^^
  File "C:\Users\DELL\AppData\Local\Programs\Python\Python311\Lib\site-packages\django\template\loader.py", line 15, in get_template
    return engine.get_template(template_name)
           ^^^^^^^^^^^^^^^^^^^^^^^^^^^^^^^^^^
  File "C:\Users\DELL\AppData\Local\Programs\Python\Python311\Lib\site-packages\django\template\backends\django.py", line 33, in get_template
    return Template(self.engine.get_template(template_name), self)
                    ^^^^^^^^^^^^^^^^^^^^^^^^^^^^^^^^^^^^^^^
  File "C:\Users\DELL\AppData\Local\Programs\Python\Python311\Lib\site-packages\django\template\engine.py", line 175, in get_template
    template, origin = self.find_template(template_name)
                       ^^^^^^^^^^^^^^^^^^^^^^^^^^^^^^^^^
  File "C:\Users\DELL\AppData\Local\Programs\Python\Python311\Lib\site-packages\django\template\engine.py", line 157, in find_template
    template = loader.get_template(name, skip=skip)
               ^^^^^^^^^^^^^^^^^^^^^^^^^^^^^^^^^^^^
  File "C:\Users\DELL\AppData\Local\Programs\Python\Python311\Lib\site-packages\django\template\loaders\cached.py", line 57, in get_template
    template = super().get_template(template_name, skip)
               ^^^^^^^^^^^^^^^^^^^^^^^^^^^^^^^^^^^^^^^^^
  File "C:\Users\DELL\AppData\Local\Programs\Python\Python311\Lib\site-packages\django\template\loaders\base.py", line 28, in get_template
    return Template(
           ^^^^^^^^^
  File "C:\Users\DELL\AppData\Local\Programs\Python\Python311\Lib\site-packages\django\template\base.py", line 154, in __init__
    self.nodelist = self.compile_nodelist()
                    ^^^^^^^^^^^^^^^^^^^^^^^
  File "C:\Users\DELL\AppData\Local\Programs\Python\Python311\Lib\site-packages\django\template\base.py", line 200, in compile_nodelist
    return parser.parse()
           ^^^^^^^^^^^^^^
  File "C:\Users\DELL\AppData\Local\Programs\Python\Python311\Lib\site-packages\django\template\base.py", line 513, in parse
    raise self.error(token, e)
  File "C:\Users\DELL\AppData\Local\Programs\Python\Python311\Lib\site-packages\django\template\base.py", line 511, in parse
    compiled_result = compile_func(self, token)
                      ^^^^^^^^^^^^^^^^^^^^^^^^^
  File "C:\Users\DELL\AppData\Local\Programs\Python\Python311\Lib\site-packages\django\template\loader_tags.py", line 293, in do_extends
    nodelist = parser.parse()
               ^^^^^^^^^^^^^^
  File "C:\Users\DELL\AppData\Local\Programs\Python\Python311\Lib\site-packages\django\template\base.py", line 507, in parse
    self.invalid_block_tag(token, command, parse_until)
  File "C:\Users\DELL\AppData\Local\Programs\Python\Python311\Lib\site-packages\django\template\base.py", line 568, in invalid_block_tag
    raise self.error(
django.template.exceptions.TemplateSyntaxError: Invalid block tag on line 72: 'endblock'. Did you forget to register or load this tag?
2024-07-13 10:00:18,337 - INFO - C:\Users\DELL\Dev\eaglewiki\wiki\encyclopedia\views.py changed, reloading.
2024-07-13 10:00:23,803 - INFO - Watching for file changes with StatReloader
2024-07-13 11:48:47,822 - INFO - Watching for file changes with StatReloader
2024-07-13 21:14:18,311 - INFO - Watching for file changes with StatReloader
2024-07-14 13:17:48,311 - INFO - Watching for file changes with StatReloader
2024-07-14 13:32:06,440 - INFO - Watching for file changes with StatReloader
2024-07-14 13:32:23,455 - WARNING - Not Found: /favicon.ico
2024-07-14 13:51:26,998 - INFO - Watching for file changes with StatReloader
2024-07-18 10:34:44,247 - INFO - Watching for file changes with StatReloader
2024-07-26 22:51:01,472 - INFO - Watching for file changes with StatReloader
2024-07-26 22:51:05,684 - WARNING - Not Found: /favicon.ico
2024-07-29 22:35:01,948 - WARNING - Not Found: /wiki/Sola Sobowale (cropped).png
2024-07-30 14:07:56,875 - WARNING - Not Found: /wiki/Mercy Johnson.png
